<?xml version="1.0" encoding="UTF-8"?>
<!-- Generated by org.testng.reporters.JUnitReportReporter -->
<testsuite hostname="Abhijith" failures="0" tests="1" name="com.qspiders.computers.TC_DWS_010_Test" time="3.198" errors="0" timestamp="2025-01-29T11:21:48 IST" skipped="0">
  <testcase classname="com.qspiders.computers.TC_DWS_010_Test" name="clickOnComputers" time="3.198"/>
  <system-out/>
</testsuite> <!-- com.qspiders.computers.TC_DWS_010_Test -->
